<?xml version="1.0" encoding="UTF-8"?>
<!-- Generated by org.testng.reporters.JUnitReportReporter -->
<testsuite hostname="01LTP0044" name="com.flipkart.testcases.Sprint_RequirmentID_01" tests="1" failures="0" timestamp="17 Sep 2015 16:45:54 GMT" time="56.903" errors="0">
  <testcase name="TC_02" time="56.903" classname="com.flipkart.testcases.Sprint_RequirmentID_01"/>
</testsuite> <!-- com.flipkart.testcases.Sprint_RequirmentID_01 -->
